<?xml version="1.0" encoding="UTF-8"?>
<!-- Generated by org.testng.reporters.JUnitReportReporter -->
<testsuite hostname="Musharraf-PC" failures="0" tests="2" name="Runners.MyRunner" time="3.269" errors="0" timestamp="2025-03-31T12:31:35 EDT" skipped="0">
  <testcase classname="Runners.MyRunner" name="runScenario" time="1.813"/>
  <testcase classname="Runners.MyRunner" name="runScenario" time="1.456"/>
</testsuite> <!-- Runners.MyRunner -->
